
03/07/2019 16:46:19
Arquivo ini não encontrado, analisando novos registros.

03/07/2019 16:46:32
Erro ao identificar ip: No such device or address No such device or address

03/07/2019 16:46:32
Erro ao identificar ip: No such device or address No such device or address

03/07/2019 16:46:32
Erro ao identificar ip: No such device or address No such device or address

03/07/2019 16:46:32
Erro ao identificar ip: No such device or address No such device or address

03/07/2019 16:46:32
Erro ao identificar ip: No such device or address No such device or address

03/07/2019 16:46:32
Erro ao identificar ip: No such device or address No such device or address

03/07/2019 16:46:32
Erro ao identificar ip: No such device or address No such device or address

03/07/2019 16:46:32
Erro ao identificar ip: No such device or address No such device or address

03/07/2019 16:46:32
Erro ao identificar ip: No such device or address No such device or address

03/07/2019 16:46:32
Erro ao identificar ip: No such device or address No such device or address

03/07/2019 16:46:32
Erro ao identificar ip: No such device or address No such device or address

03/07/2019 16:46:32
Erro ao identificar ip: No such device or address No such device or address

03/07/2019 16:46:32
Erro ao identificar ip: No such device or address No such device or address

03/07/2019 16:46:32
Erro ao identificar ip: No such device or address No such device or address

03/07/2019 16:46:32
Erro ao identificar ip: No such device or address No such device or address

03/07/2019 16:46:32
Erro ao identificar ip: No such device or address No such device or address

03/07/2019 16:46:32
Erro ao identificar ip: No such device or address No such device or address

03/07/2019 16:46:32
Erro ao identificar ip: No such device or address No such device or address

03/07/2019 16:46:32
Erro ao identificar ip: No such device or address No such device or address

03/07/2019 16:46:32
Erro ao identificar ip: No such device or address No such device or address

03/07/2019 16:46:32
Erro ao identificar ip: No such device or address No such device or address

03/07/2019 16:46:32
Erro ao identificar ip: No such device or address No such device or address

03/07/2019 16:46:32
Erro ao identificar ip: No such device or address No such device or address

03/07/2019 16:46:32
Erro ao identificar ip: No such device or address No such device or address

03/07/2019 16:46:32
Erro ao identificar ip: No such device or address No such device or address

03/07/2019 16:46:32
Erro ao identificar ip: No such device or address No such device or address

03/07/2019 16:46:32
Erro ao identificar ip: No such device or address No such device or address

03/07/2019 16:46:32
Erro ao identificar ip: No such device or address No such device or address

03/07/2019 16:47:42
Detectado acesso incomum, localização: Beijing, China.
Jun 16 22:21:27 portal.inf.ufsm.br sshd[31991]: Accepted keyboard-interactive/pam for lferreira from 218.107.132.66 port 36816 ssh2

03/07/2019 16:47:43
Detectado acesso incomum, localização: Beijing, China.
Jun 16 22:21:27 portal.inf.ufsm.br sshd[31991]: Accepted keyboard-interactive/pam for lferreira from 218.107.132.66 port 36816 ssh2

03/07/2019 16:47:43
Detectado acesso incomum, localização: Beijing, China.
Jun 16 22:21:27 portal.inf.ufsm.br sshd[31991]: Accepted keyboard-interactive/pam for lferreira from 218.107.132.66 port 36816 ssh2

03/07/2019 16:47:43
Detectado acesso incomum, localização: Beijing, China.
Jun 16 22:21:27 portal.inf.ufsm.br sshd[31991]: Accepted keyboard-interactive/pam for lferreira from 218.107.132.66 port 36816 ssh2

03/07/2019 16:47:51
Detectado acesso incomum, localização: Hackney, United Kingdom.
Jun 17 00:45:19 portal.inf.ufsm.br sshd[33080]: Accepted publickey for jvlima from 213.228.229.96 port 53968 ssh2: RSA SHA256:JIWkccfDjVZJn4YoDObSDYfU3rmL/kGnn53D/Sy6Y/k

03/07/2019 16:47:52
Detectado acesso incomum, localização: Hackney, United Kingdom.
Jun 17 00:45:19 portal.inf.ufsm.br sshd[33080]: Accepted publickey for jvlima from 213.228.229.96 port 53968 ssh2: RSA SHA256:JIWkccfDjVZJn4YoDObSDYfU3rmL/kGnn53D/Sy6Y/k

03/07/2019 16:47:57
Detectado acesso incomum, localização: Paris, France.
Jun 17 00:45:19 portal.inf.ufsm.br sshd[33080]: Accepted publickey for jfgez from 176.31.84.249 port 53968 ssh2: RSA SHA256:JIWkccfDjVZJn4YoDObSDYfU3rmL/kGnn53D/Sy6Y/k
